{"name": "test_email", "status": "failed", "statusDetails": {"message": "AssertionError: assert False", "trace": "self = <tests.TestHRM object at 0x04022568>\n\n    def test_email(self):\n        self.driver = webdriver.Chrome(executable_path=\"D:\\Documentos\\Development\\Automation\\/tests\\chromedriver.exe\", chrome_options=chrome_options)\n        self.driver.get(\"https://smoothapps.com/\")\n        status = self.driver.find_element_by_xpath(\"//*[@id='et-info-email']\")\n        if status.is_displayed():\n            assert True\n        else:\n>           assert False\nE           assert False\n\ntests.py:28: AssertionError"}, "start": 1584567023961, "stop": 1584567038424, "uuid": "f744aa52-fa8b-4f4c-bbc4-3f8b006d8950", "historyId": "67fb8acc7cf79f70905a24be55f35604", "testCaseId": "e6357baf94ac9a24f173890d14ad37a3", "fullName": "tests.TestHRM#test_email", "labels": [{"name": "severity", "value": "minor"}, {"name": "suite", "value": "tests"}, {"name": "subSuite", "value": "TestHRM"}, {"name": "host", "value": "DESKTOP-5N2TE77"}, {"name": "thread", "value": "16996-MainThread"}, {"name": "framework", "value": "pytest"}, {"name": "language", "value": "cpython3"}, {"name": "package", "value": "tests"}]}