{"name": "test_email", "status": "failed", "statusDetails": {"message": "AssertionError: assert False", "trace": "self = <tests.TestHRM object at 0x042C2E20>\n\n    def test_email(self):\n        self.driver = webdriver.Chrome(executable_path=\"D:\\Documentos\\Development\\Automation\\/tests\\chromedriver.exe\", chrome_options=chrome_options)\n        self.driver.get(\"https://smoothapps.com/\")\n        status = self.driver.find_element_by_xpath(\"//*[@id='et-info-email']\")\n        if status.text=='info@smoothapps.com':\n            assert True\n        else:\n>           assert False\nE           assert False\n\ntests.py:28: AssertionError"}, "start": 1584566868819, "stop": 1584566883758, "uuid": "73b9e560-26cd-4736-b1e5-f3c6a51c5f32", "historyId": "67fb8acc7cf79f70905a24be55f35604", "testCaseId": "e6357baf94ac9a24f173890d14ad37a3", "fullName": "tests.TestHRM#test_email", "labels": [{"name": "severity", "value": "minor"}, {"name": "suite", "value": "tests"}, {"name": "subSuite", "value": "TestHRM"}, {"name": "host", "value": "DESKTOP-5N2TE77"}, {"name": "thread", "value": "21708-MainThread"}, {"name": "framework", "value": "pytest"}, {"name": "language", "value": "cpython3"}, {"name": "package", "value": "tests"}]}